Google user with email alicepihtjoe@gmail.com logged in at 2023-06-18T19:39:55.642Z
User Alice Pihtjõe added a new topic Baseball at 2023-06-18T20:05:14.670Z
User Alice Pihtjõe removed Baseball at 2023-06-18T20:05:20.987Z
User Alice Pihtjõe added a new topic Baseball at 2023-06-18T20:05:25.785Z
User Alice Pihtjõe updated "Baseball" description to "Details about Baseball hoho hehe" at 2023-06-18T20:05:30.812Z
User Alice Pihtjõe removed Baseball at 2023-06-18T20:05:51.883Z
Google user with email alicepihtjoe@gmail.com logged out at 2023-06-18T20:07:58.741Z
User with email kalmerk@hot.ee logged in at 2023-06-18T20:08:23.551Z
User Kalmer added a new topic Baseball at 2023-06-18T20:10:40.566Z
User Kalmer added a new topic Tennis at 2023-06-18T20:10:44.327Z
User Kalmer removed Baseball at 2023-06-18T20:10:46.007Z
User Kalmer removed Tennis at 2023-06-18T20:10:46.820Z
kalmerk@hot.ee logged out at 2023-06-18T20:10:56.039Z
User with email kalmerk@hot.ee logged in at 2023-06-18T20:11:15.894Z
kalmerk@hot.ee logged out at 2023-06-18T20:12:08.194Z
User with email kalmerk@hot.ee logged in at 2023-06-18T20:12:17.648Z
User Kalmer added a new topic Tennis at 2023-06-18T20:14:00.271Z
User Kalmer added a new topic Baseball at 2023-06-18T20:14:02.653Z
User Kalmer removed Tennis at 2023-06-18T20:14:03.625Z
User Kalmer removed Baseball at 2023-06-18T20:14:04.388Z
kalmerk@hot.ee logged out at 2023-06-18T20:14:05.802Z
User with email kalmerk@hot.ee logged in at 2023-06-18T20:14:17.932Z
User Kalmer added a new topic Baseball at 2023-06-18T20:16:00.782Z
User Kalmer removed Baseball at 2023-06-18T20:16:02.142Z
kalmerk@hot.ee logged out at 2023-06-18T20:16:51.453Z
User with email kalmerk@hot.ee logged in at 2023-06-18T20:17:04.790Z
User Kalmer added a new topic Baseball at 2023-06-18T20:17:07.962Z
User Kalmer added a new topic Tennis at 2023-06-18T20:17:08.931Z
User Kalmer removed Baseball at 2023-06-18T20:17:09.676Z
User Kalmer removed Tennis at 2023-06-18T20:17:10.399Z
kalmerk@hot.ee logged out at 2023-06-18T20:17:11.301Z
Google user with email alice.pihtjoe@voco.ee logged in at 2023-06-18T20:17:16.861Z
User Alice Pihtjõe added a new topic Tennis at 2023-06-18T20:17:21.088Z
User Alice Pihtjõe added a new topic Baseball at 2023-06-18T20:17:21.729Z
User Alice Pihtjõe added a new topic Basketball at 2023-06-18T20:17:22.192Z
User Alice Pihtjõe removed Tennis at 2023-06-18T20:17:22.861Z
User Alice Pihtjõe removed Baseball at 2023-06-18T20:17:23.501Z
User Alice Pihtjõe removed Basketball at 2023-06-18T20:17:24.345Z
